# JRE version: Java(TM) SE Runtime Environment (8.0_111-b14) (build 1.8.0_111-b14)
# Java VM: Java HotSpot(TM) 64-Bit Server VM (25.111-b14 mixed mode windows-amd64 compressed oops)
Heap:
 PSYoungGen      total 114688K, used 33280K [0x00000000d5d00000, 0x00000000dee80000, 0x0000000100000000)
  eden space 103936K, 23% used [0x00000000d5d00000,0x00000000d751ee88,0x00000000dc280000)
  from space 10752K, 79% used [0x00000000dd980000,0x00000000de1e11c8,0x00000000de400000)
  to   space 5120K, 0% used [0x00000000de980000,0x00000000de980000,0x00000000dee80000)
 ParOldGen       total 62464K, used 9789K [0x0000000081600000, 0x0000000085300000, 0x00000000d5d00000)
  object space 62464K, 15% used [0x0000000081600000,0x0000000081f8f570,0x0000000085300000)
 Metaspace       used 25870K, capacity 26302K, committed 26368K, reserved 1073152K
  class space    used 3196K, capacity 3279K, committed 3328K, reserved 1048576K
GC Heap History (10 events):
Event: 3.036 GC heap before
{Heap before GC invocations=4 (full 0):
 PSYoungGen      total 38400K, used 38379K [0x00000000d5d00000, 0x00000000da800000, 0x0000000100000000)
  eden space 33280K, 100% used [0x00000000d5d00000,0x00000000d7d80000,0x00000000d7d80000)
  from space 5120K, 99% used [0x00000000d7d80000,0x00000000d827adb0,0x00000000d8280000)
  to   space 5120K, 0% used [0x00000000da300000,0x00000000da300000,0x00000000da800000)
 ParOldGen       total 87552K, used 3450K [0x0000000081600000, 0x0000000086b80000, 0x00000000d5d00000)
  object space 87552K, 3% used [0x0000000081600000,0x000000008195e888,0x0000000086b80000)
 Metaspace       used 18788K, capacity 18992K, committed 19328K, reserved 1067008K
  class space    used 2361K, capacity 2414K, committed 2432K, reserved 1048576K
Event: 3.047 GC heap after
Heap after GC invocations=4 (full 0):
 PSYoungGen      total 71680K, used 5114K [0x00000000d5d00000, 0x00000000da800000, 0x0000000100000000)
  eden space 66560K, 0% used [0x00000000d5d00000,0x00000000d5d00000,0x00000000d9e00000)
  from space 5120K, 99% used [0x00000000da300000,0x00000000da7feb58,0x00000000da800000)
  to   space 5120K, 0% used [0x00000000d9e00000,0x00000000d9e00000,0x00000000da300000)
 ParOldGen       total 87552K, used 8013K [0x0000000081600000, 0x0000000086b80000, 0x00000000d5d00000)
  object space 87552K, 9% used [0x0000000081600000,0x0000000081dd3458,0x0000000086b80000)
 Metaspace       used 18788K, capacity 18992K, committed 19328K, reserved 1067008K
  class space    used 2361K, capacity 2414K, committed 2432K, reserved 1048576K
}
Event: 3.369 GC heap before
{Heap before GC invocations=5 (full 0):
 PSYoungGen      total 71680K, used 21425K [0x00000000d5d00000, 0x00000000da800000, 0x0000000100000000)
  eden space 66560K, 24% used [0x00000000d5d00000,0x00000000d6ced978,0x00000000d9e00000)
  from space 5120K, 99% used [0x00000000da300000,0x00000000da7feb58,0x00000000da800000)
  to   space 5120K, 0% used [0x00000000d9e00000,0x00000000d9e00000,0x00000000da300000)
 ParOldGen       total 87552K, used 8013K [0x0000000081600000, 0x0000000086b80000, 0x00000000d5d00000)
  object space 87552K, 9% used [0x0000000081600000,0x0000000081dd3458,0x0000000086b80000)
 Metaspace       used 20898K, capacity 21128K, committed 21296K, reserved 1069056K
  class space    used 2578K, capacity 2658K, committed 2688K, reserved 1048576K
Event: 3.380 GC heap after
Heap after GC invocations=5 (full 0):
 PSYoungGen      total 71680K, used 5117K [0x00000000d5d00000, 0x00000000df400000, 0x0000000100000000)
  eden space 66560K, 0% used [0x00000000d5d00000,0x00000000d5d00000,0x00000000d9e00000)
  from space 5120K, 99% used [0x00000000d9e00000,0x00000000da2ff548,0x00000000da300000)
  to   space 10752K, 0% used [0x00000000de980000,0x00000000de980000,0x00000000df400000)
 ParOldGen       total 87552K, used 10608K [0x0000000081600000, 0x0000000086b80000, 0x00000000d5d00000)
  object space 87552K, 12% used [0x0000000081600000,0x000000008205c3d8,0x0000000086b80000)
 Metaspace       used 20898K, capacity 21128K, committed 21296K, reserved 1069056K
  class space    used 2578K, capacity 2658K, committed 2688K, reserved 1048576K
}
Event: 3.380 GC heap before
{Heap before GC invocations=6 (full 1):
 PSYoungGen      total 71680K, used 5117K [0x00000000d5d00000, 0x00000000df400000, 0x0000000100000000)
  eden space 66560K, 0% used [0x00000000d5d00000,0x00000000d5d00000,0x00000000d9e00000)
  from space 5120K, 99% used [0x00000000d9e00000,0x00000000da2ff548,0x00000000da300000)
  to   space 10752K, 0% used [0x00000000de980000,0x00000000de980000,0x00000000df400000)
 ParOldGen       total 87552K, used 10608K [0x0000000081600000, 0x0000000086b80000, 0x00000000d5d00000)
  object space 87552K, 12% used [0x0000000081600000,0x000000008205c3d8,0x0000000086b80000)
 Metaspace       used 20898K, capacity 21128K, committed 21296K, reserved 1069056K
  class space    used 2578K, capacity 2658K, committed 2688K, reserved 1048576K
Event: 3.426 GC heap after
Heap after GC invocations=6 (full 1):
 PSYoungGen      total 71680K, used 0K [0x00000000d5d00000, 0x00000000df400000, 0x0000000100000000)
  eden space 66560K, 0% used [0x00000000d5d00000,0x00000000d5d00000,0x00000000d9e00000)
  from space 5120K, 0% used [0x00000000d9e00000,0x00000000d9e00000,0x00000000da300000)
  to   space 10752K, 0% used [0x00000000de980000,0x00000000de980000,0x00000000df400000)
 ParOldGen       total 62464K, used 9773K [0x0000000081600000, 0x0000000085300000, 0x00000000d5d00000)
  object space 62464K, 15% used [0x0000000081600000,0x0000000081f8b570,0x0000000085300000)
 Metaspace       used 20898K, capacity 21128K, committed 21296K, reserved 1069056K
  class space    used 2578K, capacity 2658K, committed 2688K, reserved 1048576K
}
Event: 4.578 GC heap before
{Heap before GC invocations=7 (full 1):
 PSYoungGen      total 71680K, used 66560K [0x00000000d5d00000, 0x00000000df400000, 0x0000000100000000)
  eden space 66560K, 100% used [0x00000000d5d00000,0x00000000d9e00000,0x00000000d9e00000)
  from space 5120K, 0% used [0x00000000d9e00000,0x00000000d9e00000,0x00000000da300000)
  to   space 10752K, 0% used [0x00000000de980000,0x00000000de980000,0x00000000df400000)
 ParOldGen       total 62464K, used 9773K [0x0000000081600000, 0x0000000085300000, 0x00000000d5d00000)
  object space 62464K, 15% used [0x0000000081600000,0x0000000081f8b570,0x0000000085300000)
 Metaspace       used 24843K, capacity 25182K, committed 25472K, reserved 1071104K
  class space    used 3055K, capacity 3143K, committed 3200K, reserved 1048576K
Event: 4.586 GC heap after
Heap after GC invocations=7 (full 1):
 PSYoungGen      total 109056K, used 4876K [0x00000000d5d00000, 0x00000000dee80000, 0x0000000100000000)
  eden space 103936K, 0% used [0x00000000d5d00000,0x00000000d5d00000,0x00000000dc280000)
  from space 5120K, 95% used [0x00000000de980000,0x00000000dee432e8,0x00000000dee80000)
  to   space 10752K, 0% used [0x00000000dd980000,0x00000000dd980000,0x00000000de400000)
 ParOldGen       total 62464K, used 9781K [0x0000000081600000, 0x0000000085300000, 0x00000000d5d00000)
  object space 62464K, 15% used [0x0000000081600000,0x0000000081f8d570,0x0000000085300000)
 Metaspace       used 24843K, capacity 25182K, committed 25472K, reserved 1071104K
  class space    used 3055K, capacity 3143K, committed 3200K, reserved 1048576K
}
Event: 5.900 GC heap before
{Heap before GC invocations=8 (full 1):
 PSYoungGen      total 109056K, used 108812K [0x00000000d5d00000, 0x00000000dee80000, 0x0000000100000000)
  eden space 103936K, 100% used [0x00000000d5d00000,0x00000000dc280000,0x00000000dc280000)
  from space 5120K, 95% used [0x00000000de980000,0x00000000dee432e8,0x00000000dee80000)
  to   space 10752K, 0% used [0x00000000dd980000,0x00000000dd980000,0x00000000de400000)
 ParOldGen       total 62464K, used 9781K [0x0000000081600000, 0x0000000085300000, 0x00000000d5d00000)
  object space 62464K, 15% used [0x0000000081600000,0x0000000081f8d570,0x0000000085300000)
 Metaspace       used 25364K, capacity 25718K, committed 25856K, reserved 1071104K
  class space    used 3129K, capacity 3212K, committed 3328K, reserved 1048576K
Event: 5.914 GC heap after
Heap after GC invocations=8 (full 1):
 PSYoungGen      total 114688K, used 8580K [0x00000000d5d00000, 0x00000000dee80000, 0x0000000100000000)
  eden space 103936K, 0% used [0x00000000d5d00000,0x00000000d5d00000,0x00000000dc280000)
  from space 10752K, 79% used [0x00000000dd980000,0x00000000de1e11c8,0x00000000de400000)
  to   space 5120K, 0% used [0x00000000de980000,0x00000000de980000,0x00000000dee80000)
 ParOldGen       total 62464K, used 9789K [0x0000000081600000, 0x0000000085300000, 0x00000000d5d00000)
  object space 62464K, 15% used [0x0000000081600000,0x0000000081f8f570,0x0000000085300000)
 Metaspace       used 25364K, capacity 25718K, committed 25856K, reserved 1071104K
  class space    used 3129K, capacity 3212K, committed 3328K, reserved 1048576K
}

