# JRE version: Java(TM) SE Runtime Environment (8.0_111-b14) (build 1.8.0_111-b14)
# Java VM: Java HotSpot(TM) 64-Bit Server VM (25.111-b14 mixed mode windows-amd64 compressed oops)
Heap:
 PSYoungGen      total 214016K, used 52203K [0x00000000d5d00000, 0x00000000ea080000, 0x0000000100000000)
  eden space 201216K, 22% used [0x00000000d5d00000,0x00000000d88f25d0,0x00000000e2180000)
  from space 12800K, 56% used [0x00000000e2180000,0x00000000e28888e0,0x00000000e2e00000)
  to   space 15360K, 0% used [0x00000000e9180000,0x00000000e9180000,0x00000000ea080000)
 ParOldGen       total 74240K, used 20405K [0x0000000081600000, 0x0000000085e80000, 0x00000000d5d00000)
  object space 74240K, 27% used [0x0000000081600000,0x00000000829ed648,0x0000000085e80000)
 Metaspace       used 38656K, capacity 39202K, committed 39296K, reserved 1083392K
  class space    used 4837K, capacity 4981K, committed 4992K, reserved 1048576K
GC Heap History (10 events):
Event: 12.267 GC heap before
{Heap before GC invocations=9 (full 1):
 PSYoungGen      total 138240K, used 136434K [0x00000000d5d00000, 0x00000000e3900000, 0x0000000100000000)
  eden space 127488K, 100% used [0x00000000d5d00000,0x00000000dd980000,0x00000000dd980000)
  from space 10752K, 83% used [0x00000000dd980000,0x00000000de23cb38,0x00000000de400000)
  to   space 11264K, 0% used [0x00000000e2e00000,0x00000000e2e00000,0x00000000e3900000)
 ParOldGen       total 56832K, used 9934K [0x0000000081600000, 0x0000000084d80000, 0x00000000d5d00000)
  object space 56832K, 17% used [0x0000000081600000,0x0000000081fb3b08,0x0000000084d80000)
 Metaspace       used 26729K, capacity 27176K, committed 27264K, reserved 1073152K
  class space    used 3305K, capacity 3414K, committed 3456K, reserved 1048576K
Event: 12.322 GC heap after
Heap after GC invocations=9 (full 1):
 PSYoungGen      total 212480K, used 10815K [0x00000000d5d00000, 0x00000000e4f80000, 0x0000000100000000)
  eden space 201216K, 0% used [0x00000000d5d00000,0x00000000d5d00000,0x00000000e2180000)
  from space 11264K, 96% used [0x00000000e2e00000,0x00000000e388fdc0,0x00000000e3900000)
  to   space 12800K, 0% used [0x00000000e2180000,0x00000000e2180000,0x00000000e2e00000)
 ParOldGen       total 56832K, used 9934K [0x0000000081600000, 0x0000000084d80000, 0x00000000d5d00000)
  object space 56832K, 17% used [0x0000000081600000,0x0000000081fb3b08,0x0000000084d80000)
 Metaspace       used 26729K, capacity 27176K, committed 27264K, reserved 1073152K
  class space    used 3305K, capacity 3414K, committed 3456K, reserved 1048576K
}
Event: 17.280 GC heap before
{Heap before GC invocations=10 (full 1):
 PSYoungGen      total 212480K, used 212031K [0x00000000d5d00000, 0x00000000e4f80000, 0x0000000100000000)
  eden space 201216K, 100% used [0x00000000d5d00000,0x00000000e2180000,0x00000000e2180000)
  from space 11264K, 96% used [0x00000000e2e00000,0x00000000e388fdc0,0x00000000e3900000)
  to   space 12800K, 0% used [0x00000000e2180000,0x00000000e2180000,0x00000000e2e00000)
 ParOldGen       total 56832K, used 9934K [0x0000000081600000, 0x0000000084d80000, 0x00000000d5d00000)
  object space 56832K, 17% used [0x0000000081600000,0x0000000081fb3b08,0x0000000084d80000)
 Metaspace       used 34405K, capacity 34936K, committed 35200K, reserved 1079296K
  class space    used 4331K, capacity 4462K, committed 4480K, reserved 1048576K
Event: 17.320 GC heap after
Heap after GC invocations=10 (full 1):
 PSYoungGen      total 214016K, used 12782K [0x00000000d5d00000, 0x00000000e4f80000, 0x0000000100000000)
  eden space 201216K, 0% used [0x00000000d5d00000,0x00000000d5d00000,0x00000000e2180000)
  from space 12800K, 99% used [0x00000000e2180000,0x00000000e2dfb8a8,0x00000000e2e00000)
  to   space 11264K, 0% used [0x00000000e2e00000,0x00000000e2e00000,0x00000000e3900000)
 ParOldGen       total 56832K, used 14954K [0x0000000081600000, 0x0000000084d80000, 0x00000000d5d00000)
  object space 56832K, 26% used [0x0000000081600000,0x000000008249aa08,0x0000000084d80000)
 Metaspace       used 34405K, capacity 34936K, committed 35200K, reserved 1079296K
  class space    used 4331K, capacity 4462K, committed 4480K, reserved 1048576K
}
Event: 17.436 GC heap before
{Heap before GC invocations=11 (full 1):
 PSYoungGen      total 214016K, used 41921K [0x00000000d5d00000, 0x00000000e4f80000, 0x0000000100000000)
  eden space 201216K, 14% used [0x00000000d5d00000,0x00000000d7974b58,0x00000000e2180000)
  from space 12800K, 99% used [0x00000000e2180000,0x00000000e2dfb8a8,0x00000000e2e00000)
  to   space 11264K, 0% used [0x00000000e2e00000,0x00000000e2e00000,0x00000000e3900000)
 ParOldGen       total 56832K, used 14954K [0x0000000081600000, 0x0000000084d80000, 0x00000000d5d00000)
  object space 56832K, 26% used [0x0000000081600000,0x000000008249aa08,0x0000000084d80000)
 Metaspace       used 34830K, capacity 35288K, committed 35496K, reserved 1081344K
  class space    used 4369K, capacity 4494K, committed 4608K, reserved 1048576K
Event: 17.476 GC heap after
Heap after GC invocations=11 (full 1):
 PSYoungGen      total 212480K, used 6433K [0x00000000d5d00000, 0x00000000e4f80000, 0x0000000100000000)
  eden space 201216K, 0% used [0x00000000d5d00000,0x00000000d5d00000,0x00000000e2180000)
  from space 11264K, 57% used [0x00000000e2e00000,0x00000000e3448478,0x00000000e3900000)
  to   space 12800K, 0% used [0x00000000e2180000,0x00000000e2180000,0x00000000e2e00000)
 ParOldGen       total 56832K, used 18180K [0x0000000081600000, 0x0000000084d80000, 0x00000000d5d00000)
  object space 56832K, 31% used [0x0000000081600000,0x00000000827c1310,0x0000000084d80000)
 Metaspace       used 34830K, capacity 35288K, committed 35496K, reserved 1081344K
  class space    used 4369K, capacity 4494K, committed 4608K, reserved 1048576K
}
Event: 17.476 GC heap before
{Heap before GC invocations=12 (full 2):
 PSYoungGen      total 212480K, used 6433K [0x00000000d5d00000, 0x00000000e4f80000, 0x0000000100000000)
  eden space 201216K, 0% used [0x00000000d5d00000,0x00000000d5d00000,0x00000000e2180000)
  from space 11264K, 57% used [0x00000000e2e00000,0x00000000e3448478,0x00000000e3900000)
  to   space 12800K, 0% used [0x00000000e2180000,0x00000000e2180000,0x00000000e2e00000)
 ParOldGen       total 56832K, used 18180K [0x0000000081600000, 0x0000000084d80000, 0x00000000d5d00000)
  object space 56832K, 31% used [0x0000000081600000,0x00000000827c1310,0x0000000084d80000)
 Metaspace       used 34830K, capacity 35288K, committed 35496K, reserved 1081344K
  class space    used 4369K, capacity 4494K, committed 4608K, reserved 1048576K
Event: 17.676 GC heap after
Heap after GC invocations=12 (full 2):
 PSYoungGen      total 212480K, used 0K [0x00000000d5d00000, 0x00000000e4f80000, 0x0000000100000000)
  eden space 201216K, 0% used [0x00000000d5d00000,0x00000000d5d00000,0x00000000e2180000)
  from space 11264K, 0% used [0x00000000e2e00000,0x00000000e2e00000,0x00000000e3900000)
  to   space 12800K, 0% used [0x00000000e2180000,0x00000000e2180000,0x00000000e2e00000)
 ParOldGen       total 74240K, used 20397K [0x0000000081600000, 0x0000000085e80000, 0x00000000d5d00000)
  object space 74240K, 27% used [0x0000000081600000,0x00000000829eb648,0x0000000085e80000)
 Metaspace       used 34830K, capacity 35288K, committed 35496K, reserved 1081344K
  class space    used 4369K, capacity 4494K, committed 4608K, reserved 1048576K
}
Event: 20.950 GC heap before
{Heap before GC invocations=13 (full 2):
 PSYoungGen      total 212480K, used 201216K [0x00000000d5d00000, 0x00000000e4f80000, 0x0000000100000000)
  eden space 201216K, 100% used [0x00000000d5d00000,0x00000000e2180000,0x00000000e2180000)
  from space 11264K, 0% used [0x00000000e2e00000,0x00000000e2e00000,0x00000000e3900000)
  to   space 12800K, 0% used [0x00000000e2180000,0x00000000e2180000,0x00000000e2e00000)
 ParOldGen       total 74240K, used 20397K [0x0000000081600000, 0x0000000085e80000, 0x00000000d5d00000)
  object space 74240K, 27% used [0x0000000081600000,0x00000000829eb648,0x0000000085e80000)
 Metaspace       used 37058K, capacity 37546K, committed 37888K, reserved 1083392K
  class space    used 4635K, capacity 4753K, committed 4864K, reserved 1048576K
Event: 20.962 GC heap after
Heap after GC invocations=13 (full 2):
 PSYoungGen      total 214016K, used 7202K [0x00000000d5d00000, 0x00000000ea080000, 0x0000000100000000)
  eden space 201216K, 0% used [0x00000000d5d00000,0x00000000d5d00000,0x00000000e2180000)
  from space 12800K, 56% used [0x00000000e2180000,0x00000000e28888e0,0x00000000e2e00000)
  to   space 15360K, 0% used [0x00000000e9180000,0x00000000e9180000,0x00000000ea080000)
 ParOldGen       total 74240K, used 20405K [0x0000000081600000, 0x0000000085e80000, 0x00000000d5d00000)
  object space 74240K, 27% used [0x0000000081600000,0x00000000829ed648,0x0000000085e80000)
 Metaspace       used 37058K, capacity 37546K, committed 37888K, reserved 1083392K
  class space    used 4635K, capacity 4753K, committed 4864K, reserved 1048576K
}

